2019-01-22 12:18:40.218  INFO 16356 --- [main] com.msp.impulse.ImpulseApplication       : Starting ImpulseApplication on LAPTOP-LE410L69 with PID 16356 (started by Lenovo in D:\FLCworkspcae\环宇\impulse)
2019-01-22 12:18:40.257  INFO 16356 --- [main] com.msp.impulse.ImpulseApplication       : The following profiles are active: dev
2019-01-22 12:18:40.533  INFO 16356 --- [main] ConfigServletWebServerApplicationContext : Refreshing org.springframework.boot.web.servlet.context.AnnotationConfigServletWebServerApplicationContext@7a55af6b: startup date [Tue Jan 22 12:18:40 CST 2019]; root of context hierarchy
2019-01-22 12:18:41.983  INFO 16356 --- [main] o.s.b.f.s.DefaultListableBeanFactory     : Overriding bean definition for bean 'mongodbProperties' with a different definition: replacing [Generic bean: class [com.msp.impulse.configuration.MongodbProperties]; scope=singleton; abstract=false; lazyInit=false; autowireMode=0; dependencyCheck=0; autowireCandidate=true; primary=false; factoryBeanName=null; factoryMethodName=null; initMethodName=null; destroyMethodName=null; defined in file [D:\FLCworkspcae\环宇\impulse\target\classes\com\msp\impulse\configuration\MongodbProperties.class]] with [Root bean: class [null]; scope=; abstract=false; lazyInit=false; autowireMode=3; dependencyCheck=0; autowireCandidate=true; primary=false; factoryBeanName=mongoConfig; factoryMethodName=mongodbProperties; initMethodName=null; destroyMethodName=(inferred); defined in class path resource [com/msp/impulse/configuration/MongoConfig.class]]
2019-01-22 12:18:43.689  INFO 16356 --- [main] o.s.b.w.embedded.tomcat.TomcatWebServer  : Tomcat initialized with port(s): 8080 (http)
2019-01-22 12:18:43.740  INFO 16356 --- [main] o.apache.catalina.core.StandardService   : Starting service [Tomcat]
2019-01-22 12:18:43.741  INFO 16356 --- [main] org.apache.catalina.core.StandardEngine  : Starting Servlet Engine: Apache Tomcat/8.5.34
2019-01-22 12:18:43.750  INFO 16356 --- [localhost-startStop-1] o.a.catalina.core.AprLifecycleListener   : The APR based Apache Tomcat Native library which allows optimal performance in production environments was not found on the java.library.path: [D:\jdk_1.8.0_66_x86_64\bin;C:\WINDOWS\Sun\Java\bin;C:\WINDOWS\system32;C:\WINDOWS;D:\runjian\instantclient-basic-windows.x64-12.1.0.2.0\instantclient-basic-windows.x64-12.1.0.2.0\instantclient_12_1;C:\SuperMap\SuperMap iClient\SuperMap iClient3D for Plugin;C:\SuperMap\SuperMap iClient\SuperMap iClient3D for Plugin (x64);D:\jdk_1.8.0_66_x86_64\bin;C:\WINDOWS\system32;C:\WINDOWS;C:\WINDOWS\System32\Wbem;C:\WINDOWS\System32\WindowsPowerShell\v1.0\;D:\runjian\langchao\sqldeveloper\sqldeveloper\sqldeveloper\bin;D:\runjian\mysql\bin;D:\软件\svn-new\bin;D:\runjian\maven\apache-maven-3.3.9\bin;D:\runjian\svnserver\bin;D:\runjian\Git\cmd;D:\runjian\TortoiseGit\bin;C:\WINDOWS\System32\OpenSSH\;D:\runjian\noteJS\;C:\Users\Lenovo\AppData\Local\Microsoft\WindowsApps;C:\Users\Lenovo\AppData\Roaming\npm;.]
2019-01-22 12:18:43.980  INFO 16356 --- [localhost-startStop-1] o.a.c.c.C.[Tomcat].[localhost].[/]       : Initializing Spring embedded WebApplicationContext
2019-01-22 12:18:43.980  INFO 16356 --- [localhost-startStop-1] o.s.web.context.ContextLoader            : Root WebApplicationContext: initialization completed in 3448 ms
2019-01-22 12:18:44.200  INFO 16356 --- [localhost-startStop-1] o.s.b.w.servlet.ServletRegistrationBean  : Servlet dispatcherServlet mapped to [/]
2019-01-22 12:18:44.213  INFO 16356 --- [localhost-startStop-1] o.s.b.w.servlet.FilterRegistrationBean   : Mapping filter: 'characterEncodingFilter' to: [/*]
2019-01-22 12:18:44.213  INFO 16356 --- [localhost-startStop-1] o.s.b.w.servlet.FilterRegistrationBean   : Mapping filter: 'hiddenHttpMethodFilter' to: [/*]
2019-01-22 12:18:44.214  INFO 16356 --- [localhost-startStop-1] o.s.b.w.servlet.FilterRegistrationBean   : Mapping filter: 'httpPutFormContentFilter' to: [/*]
2019-01-22 12:18:44.214  INFO 16356 --- [localhost-startStop-1] o.s.b.w.servlet.FilterRegistrationBean   : Mapping filter: 'requestContextFilter' to: [/*]
2019-01-22 12:18:46.243  INFO 16356 --- [main] org.mongodb.driver.cluster               : Cluster created with settings {hosts=[192.168.228.133:27017], mode=MULTIPLE, requiredClusterType=UNKNOWN, serverSelectionTimeout='30000 ms', maxWaitQueueSize=60}
2019-01-22 12:18:46.244  INFO 16356 --- [main] org.mongodb.driver.cluster               : Adding discovered server 192.168.228.133:27017 to client view of cluster
2019-01-22 12:18:46.368  INFO 16356 --- [cluster-ClusterId{value='5c4699a64932ff3fe4179221', description='null'}-192.168.228.133:27017] org.mongodb.driver.connection            : Opened connection [connectionId{localValue:2, serverValue:418}] to 192.168.228.133:27017
2019-01-22 12:18:46.368  INFO 16356 --- [MaintenanceTimer-1-thread-1] org.mongodb.driver.connection            : Opened connection [connectionId{localValue:1, serverValue:417}] to 192.168.228.133:27017
2019-01-22 12:18:46.380  INFO 16356 --- [MaintenanceTimer-1-thread-1] org.mongodb.driver.connection            : Opened connection [connectionId{localValue:3, serverValue:419}] to 192.168.228.133:27017
2019-01-22 12:18:46.383  INFO 16356 --- [cluster-ClusterId{value='5c4699a64932ff3fe4179221', description='null'}-192.168.228.133:27017] org.mongodb.driver.cluster               : Monitor thread successfully connected to server with description ServerDescription{address=192.168.228.133:27017, type=STANDALONE, state=CONNECTED, ok=true, version=ServerVersion{versionList=[4, 0, 3]}, minWireVersion=0, maxWireVersion=7, maxDocumentSize=16777216, logicalSessionTimeoutMinutes=30, roundTripTimeNanos=11226970}
2019-01-22 12:18:46.386  INFO 16356 --- [cluster-ClusterId{value='5c4699a64932ff3fe4179221', description='null'}-192.168.228.133:27017] org.mongodb.driver.cluster               : Discovered cluster type of STANDALONE
2019-01-22 12:18:46.387  INFO 16356 --- [MaintenanceTimer-1-thread-1] org.mongodb.driver.connection            : Opened connection [connectionId{localValue:4, serverValue:420}] to 192.168.228.133:27017
2019-01-22 12:18:46.395  INFO 16356 --- [MaintenanceTimer-1-thread-1] org.mongodb.driver.connection            : Opened connection [connectionId{localValue:5, serverValue:421}] to 192.168.228.133:27017
2019-01-22 12:18:46.402  INFO 16356 --- [MaintenanceTimer-1-thread-1] org.mongodb.driver.connection            : Opened connection [connectionId{localValue:6, serverValue:422}] to 192.168.228.133:27017
2019-01-22 12:18:46.412  INFO 16356 --- [MaintenanceTimer-1-thread-1] org.mongodb.driver.connection            : Opened connection [connectionId{localValue:7, serverValue:423}] to 192.168.228.133:27017
2019-01-22 12:18:46.416  INFO 16356 --- [MaintenanceTimer-1-thread-1] org.mongodb.driver.connection            : Opened connection [connectionId{localValue:8, serverValue:424}] to 192.168.228.133:27017
2019-01-22 12:18:46.421  INFO 16356 --- [MaintenanceTimer-1-thread-1] org.mongodb.driver.connection            : Opened connection [connectionId{localValue:9, serverValue:425}] to 192.168.228.133:27017
2019-01-22 12:18:46.427  INFO 16356 --- [MaintenanceTimer-1-thread-1] org.mongodb.driver.connection            : Opened connection [connectionId{localValue:10, serverValue:426}] to 192.168.228.133:27017
2019-01-22 12:18:46.433  INFO 16356 --- [MaintenanceTimer-1-thread-1] org.mongodb.driver.connection            : Opened connection [connectionId{localValue:11, serverValue:427}] to 192.168.228.133:27017
2019-01-22 12:18:47.568  INFO 16356 --- [main] s.w.s.m.m.a.RequestMappingHandlerMapping : Mapped "{[/alarmManage/findAlarm],methods=[POST]}" onto public com.msp.impulse.base.BaseResponse com.msp.impulse.controller.AlarmController.findAlarm(com.msp.impulse.query.AlarmQuery)
2019-01-22 12:18:47.573  INFO 16356 --- [main] s.w.s.m.m.a.RequestMappingHandlerMapping : Mapped "{[/controlInstru/updateControlInstru],methods=[POST]}" onto public com.msp.impulse.base.BaseResponse com.msp.impulse.controller.ControlInstruController.updateControlInstru()
2019-01-22 12:18:47.573  INFO 16356 --- [main] s.w.s.m.m.a.RequestMappingHandlerMapping : Mapped "{[/controlInstru/findControlInstru],methods=[POST]}" onto public com.msp.impulse.base.BaseResponse com.msp.impulse.controller.ControlInstruController.findControlInstru()
2019-01-22 12:18:47.576  INFO 16356 --- [main] s.w.s.m.m.a.RequestMappingHandlerMapping : Mapped "{[/dataManage/findRealTimeData],methods=[POST]}" onto public com.msp.impulse.base.BaseResponse com.msp.impulse.controller.DataManageController.findRealTimeData()
2019-01-22 12:18:47.577  INFO 16356 --- [main] s.w.s.m.m.a.RequestMappingHandlerMapping : Mapped "{[/dataManage/findMapData],methods=[POST]}" onto public com.msp.impulse.base.BaseResponse com.msp.impulse.controller.DataManageController.findMapData()
2019-01-22 12:18:47.579  INFO 16356 --- [main] s.w.s.m.m.a.RequestMappingHandlerMapping : Mapped "{[/dataManage/findHistoryData],methods=[POST]}" onto public com.msp.impulse.base.BaseResponse com.msp.impulse.controller.DataManageController.findHistoryData()
2019-01-22 12:18:47.580  INFO 16356 --- [main] s.w.s.m.m.a.RequestMappingHandlerMapping : Mapped "{[/dataManage/findSenorByCondition],methods=[POST]}" onto public com.msp.impulse.base.BaseResponse com.msp.impulse.controller.DataManageController.findSenorByCondition(com.msp.impulse.query.GatewayQuery)
2019-01-22 12:18:47.597  INFO 16356 --- [main] s.w.s.m.m.a.RequestMappingHandlerMapping : Mapped "{[/gateway/deleteGateway],methods=[GET]}" onto public com.msp.impulse.base.BaseResponse com.msp.impulse.controller.GatewayController.deleteGateway(java.lang.String)
2019-01-22 12:18:47.599  INFO 16356 --- [main] s.w.s.m.m.a.RequestMappingHandlerMapping : Mapped "{[/gateway/findGatewayById/{id}],methods=[GET]}" onto public com.msp.impulse.base.BaseResponse<com.msp.impulse.entity.Gateway> com.msp.impulse.controller.GatewayController.findGatewayById(java.lang.String)
2019-01-22 12:18:47.600  INFO 16356 --- [main] s.w.s.m.m.a.RequestMappingHandlerMapping : Mapped "{[/gateway/saveGateway],methods=[POST]}" onto public com.msp.impulse.base.BaseResponse com.msp.impulse.controller.GatewayController.addGateway(com.msp.impulse.entity.Gateway)
2019-01-22 12:18:47.601  INFO 16356 --- [main] s.w.s.m.m.a.RequestMappingHandlerMapping : Mapped "{[/gateway/findGatewayByCondition],methods=[POST]}" onto public com.msp.impulse.base.BaseResponse<java.util.List<com.msp.impulse.entity.Gateway>> com.msp.impulse.controller.GatewayController.findGatewayByCondition(com.msp.impulse.query.GatewayQuery)
2019-01-22 12:18:47.605  INFO 16356 --- [main] s.w.s.m.m.a.RequestMappingHandlerMapping : Mapped "{[/userLogin/login],methods=[POST]}" onto public com.msp.impulse.base.BaseResponse com.msp.impulse.controller.LoginController.login(com.msp.impulse.entity.SystemUser,javax.servlet.http.HttpSession)
2019-01-22 12:18:47.606  INFO 16356 --- [main] s.w.s.m.m.a.RequestMappingHandlerMapping : Mapped "{[/userLogin/logout],methods=[POST]}" onto public com.msp.impulse.base.BaseResponse com.msp.impulse.controller.LoginController.logout(javax.servlet.http.HttpSession)
2019-01-22 12:18:47.607  INFO 16356 --- [main] s.w.s.m.m.a.RequestMappingHandlerMapping : Mapped "{[/userLogin/addSystemUser],methods=[POST]}" onto public com.msp.impulse.base.BaseResponse com.msp.impulse.controller.LoginController.addSystemUser(com.msp.impulse.entity.SystemUser)
2019-01-22 12:18:47.612  INFO 16356 --- [main] s.w.s.m.m.a.RequestMappingHandlerMapping : Mapped "{[/sensor/saveSensor],methods=[POST]}" onto public com.msp.impulse.base.BaseResponse com.msp.impulse.controller.SensorController.addSensor(com.msp.impulse.entity.Sensor)
2019-01-22 12:18:47.613  INFO 16356 --- [main] s.w.s.m.m.a.RequestMappingHandlerMapping : Mapped "{[/sensor/searchSensor],methods=[POST]}" onto public com.msp.impulse.base.BaseResponse<java.util.List<com.msp.impulse.entity.Sensor>> com.msp.impulse.controller.SensorController.querySensor(com.msp.impulse.query.SensorQuery)
2019-01-22 12:18:47.613  INFO 16356 --- [main] s.w.s.m.m.a.RequestMappingHandlerMapping : Mapped "{[/sensor/querySensorById],methods=[POST]}" onto public com.msp.impulse.base.BaseResponse<com.msp.impulse.entity.Sensor> com.msp.impulse.controller.SensorController.querySensorById(java.lang.String)
2019-01-22 12:18:47.619  INFO 16356 --- [main] s.w.s.m.m.a.RequestMappingHandlerMapping : Mapped "{[/user/getAll],methods=[GET]}" onto public com.msp.impulse.base.BaseResponse<java.util.List<com.msp.impulse.entity.User>> com.msp.impulse.controller.UserController.getAll()
2019-01-22 12:18:47.620  INFO 16356 --- [main] s.w.s.m.m.a.RequestMappingHandlerMapping : Mapped "{[/user/modifyPwd],methods=[GET]}" onto public com.msp.impulse.base.BaseResponse com.msp.impulse.controller.UserController.modifyPwd(java.lang.String,java.lang.String,javax.servlet.http.HttpSession)
2019-01-22 12:18:47.622  INFO 16356 --- [main] s.w.s.m.m.a.RequestMappingHandlerMapping : Mapped "{[/user/addUser],methods=[POST]}" onto public com.msp.impulse.base.BaseResponse<com.msp.impulse.entity.User> com.msp.impulse.controller.UserController.addUser(com.msp.impulse.entity.User)
2019-01-22 12:18:47.632  INFO 16356 --- [main] s.w.s.m.m.a.RequestMappingHandlerMapping : Mapped "{[/swagger-resources/configuration/security]}" onto public org.springframework.http.ResponseEntity<springfox.documentation.swagger.web.SecurityConfiguration> springfox.documentation.swagger.web.ApiResourceController.securityConfiguration()
2019-01-22 12:18:47.633  INFO 16356 --- [main] s.w.s.m.m.a.RequestMappingHandlerMapping : Mapped "{[/swagger-resources/configuration/ui]}" onto public org.springframework.http.ResponseEntity<springfox.documentation.swagger.web.UiConfiguration> springfox.documentation.swagger.web.ApiResourceController.uiConfiguration()
2019-01-22 12:18:47.635  INFO 16356 --- [main] s.w.s.m.m.a.RequestMappingHandlerMapping : Mapped "{[/swagger-resources]}" onto public org.springframework.http.ResponseEntity<java.util.List<springfox.documentation.swagger.web.SwaggerResource>> springfox.documentation.swagger.web.ApiResourceController.swaggerResources()
2019-01-22 12:18:47.644  INFO 16356 --- [main] s.w.s.m.m.a.RequestMappingHandlerMapping : Mapped "{[/error]}" onto public org.springframework.http.ResponseEntity<java.util.Map<java.lang.String, java.lang.Object>> org.springframework.boot.autoconfigure.web.servlet.error.BasicErrorController.error(javax.servlet.http.HttpServletRequest)
2019-01-22 12:18:47.645  INFO 16356 --- [main] s.w.s.m.m.a.RequestMappingHandlerMapping : Mapped "{[/error],produces=[text/html]}" onto public org.springframework.web.servlet.ModelAndView org.springframework.boot.autoconfigure.web.servlet.error.BasicErrorController.errorHtml(javax.servlet.http.HttpServletRequest,javax.servlet.http.HttpServletResponse)
2019-01-22 12:18:48.010  INFO 16356 --- [main] pertySourcedRequestMappingHandlerMapping : Mapped URL path [/v2/api-docs] onto method [public org.springframework.http.ResponseEntity<springfox.documentation.spring.web.json.Json> springfox.documentation.swagger2.web.Swagger2Controller.getDocumentation(java.lang.String,javax.servlet.http.HttpServletRequest)]
2019-01-22 12:18:48.167  INFO 16356 --- [main] o.s.w.s.handler.SimpleUrlHandlerMapping  : Mapped URL path [/**/favicon.ico] onto handler of type [class org.springframework.web.servlet.resource.ResourceHttpRequestHandler]
2019-01-22 12:18:48.551  INFO 16356 --- [main] s.w.s.m.m.a.RequestMappingHandlerAdapter : Looking for @ControllerAdvice: org.springframework.boot.web.servlet.context.AnnotationConfigServletWebServerApplicationContext@7a55af6b: startup date [Tue Jan 22 12:18:40 CST 2019]; root of context hierarchy
2019-01-22 12:18:48.667  INFO 16356 --- [main] o.s.w.s.handler.SimpleUrlHandlerMapping  : Mapped URL path [/webjars/**] onto handler of type [class org.springframework.web.servlet.resource.ResourceHttpRequestHandler]
2019-01-22 12:18:48.667  INFO 16356 --- [main] o.s.w.s.handler.SimpleUrlHandlerMapping  : Mapped URL path [/**] onto handler of type [class org.springframework.web.servlet.resource.ResourceHttpRequestHandler]
2019-01-22 12:18:49.197  INFO 16356 --- [main] o.s.j.e.a.AnnotationMBeanExporter        : Registering beans for JMX exposure on startup
2019-01-22 12:18:49.217  INFO 16356 --- [main] o.s.c.support.DefaultLifecycleProcessor  : Starting beans in phase 2147483647
2019-01-22 12:18:49.218  INFO 16356 --- [main] d.s.w.p.DocumentationPluginsBootstrapper : Context refreshed
2019-01-22 12:18:49.259  INFO 16356 --- [main] d.s.w.p.DocumentationPluginsBootstrapper : Found 1 custom documentation plugin(s)
2019-01-22 12:18:49.335  INFO 16356 --- [main] s.d.s.w.s.ApiListingReferenceScanner     : Scanning for api listing references
2019-01-22 12:18:50.031  INFO 16356 --- [main] o.s.b.w.embedded.tomcat.TomcatWebServer  : Tomcat started on port(s): 8080 (http) with context path ''
2019-01-22 12:18:50.040  INFO 16356 --- [main] com.msp.impulse.ImpulseApplication       : Started ImpulseApplication in 10.843 seconds (JVM running for 18.649)
2019-01-22 12:35:05.002  INFO 16356 --- [http-nio-8080-exec-2] o.a.c.c.C.[Tomcat].[localhost].[/]       : Initializing Spring FrameworkServlet 'dispatcherServlet'
2019-01-22 12:35:05.002  INFO 16356 --- [http-nio-8080-exec-2] o.s.web.servlet.DispatcherServlet        : FrameworkServlet 'dispatcherServlet': initialization started
2019-01-22 12:35:05.032  INFO 16356 --- [http-nio-8080-exec-2] o.s.web.servlet.DispatcherServlet        : FrameworkServlet 'dispatcherServlet': initialization completed in 29 ms
2019-01-22 12:54:56.054  WARN 16356 --- [http-nio-8080-exec-9] .w.s.m.s.DefaultHandlerExceptionResolver : Resolved [org.springframework.web.HttpRequestMethodNotSupportedException: Request method 'GET' not supported]
2019-01-22 12:55:01.931 ERROR 16356 --- [http-nio-8080-exec-10] c.m.impulse.controller.SensorController  : null

java.lang.NullPointerException: null
	at com.msp.impulse.dao.impl.SensorDaoImpl.queryBySensorAndGateway(SensorDaoImpl.java:80) ~[classes/:na]
	at com.msp.impulse.dao.impl.SensorDaoImpl$$FastClassBySpringCGLIB$$944783b0.invoke(<generated>) ~[classes/:na]
	at org.springframework.cglib.proxy.MethodProxy.invoke(MethodProxy.java:204) ~[spring-core-5.0.10.RELEASE.jar:5.0.10.RELEASE]
	at org.springframework.aop.framework.CglibAopProxy$CglibMethodInvocation.invokeJoinpoint(CglibAopProxy.java:746) ~[spring-aop-5.0.10.RELEASE.jar:5.0.10.RELEASE]
	at org.springframework.aop.framework.ReflectiveMethodInvocation.proceed(ReflectiveMethodInvocation.java:163) ~[spring-aop-5.0.10.RELEASE.jar:5.0.10.RELEASE]
	at org.springframework.dao.support.PersistenceExceptionTranslationInterceptor.invoke(PersistenceExceptionTranslationInterceptor.java:139) ~[spring-tx-5.0.9.RELEASE.jar:5.0.9.RELEASE]
	at org.springframework.aop.framework.ReflectiveMethodInvocation.proceed(ReflectiveMethodInvocation.java:185) ~[spring-aop-5.0.10.RELEASE.jar:5.0.10.RELEASE]
	at org.springframework.aop.framework.CglibAopProxy$DynamicAdvisedInterceptor.intercept(CglibAopProxy.java:688) ~[spring-aop-5.0.10.RELEASE.jar:5.0.10.RELEASE]
	at com.msp.impulse.dao.impl.SensorDaoImpl$$EnhancerBySpringCGLIB$$5798394f.queryBySensorAndGateway(<generated>) ~[classes/:na]
	at com.msp.impulse.service.SensorService.queryBySensorAndGateway(SensorService.java:72) ~[classes/:na]
	at com.msp.impulse.controller.SensorController.querySensor(SensorController.java:62) ~[classes/:na]
	at sun.reflect.NativeMethodAccessorImpl.invoke0(Native Method) ~[na:1.8.0_66]
	at sun.reflect.NativeMethodAccessorImpl.invoke(NativeMethodAccessorImpl.java:62) ~[na:1.8.0_66]
	at sun.reflect.DelegatingMethodAccessorImpl.invoke(DelegatingMethodAccessorImpl.java:43) ~[na:1.8.0_66]
	at java.lang.reflect.Method.invoke(Method.java:497) ~[na:1.8.0_66]
	at org.springframework.web.method.support.InvocableHandlerMethod.doInvoke(InvocableHandlerMethod.java:209) [spring-web-5.0.10.RELEASE.jar:5.0.10.RELEASE]
	at org.springframework.web.method.support.InvocableHandlerMethod.invokeForRequest(InvocableHandlerMethod.java:136) [spring-web-5.0.10.RELEASE.jar:5.0.10.RELEASE]
	at org.springframework.web.servlet.mvc.method.annotation.ServletInvocableHandlerMethod.invokeAndHandle(ServletInvocableHandlerMethod.java:102) [spring-webmvc-5.0.10.RELEASE.jar:5.0.10.RELEASE]
	at org.springframework.web.servlet.mvc.method.annotation.RequestMappingHandlerAdapter.invokeHandlerMethod(RequestMappingHandlerAdapter.java:891) [spring-webmvc-5.0.10.RELEASE.jar:5.0.10.RELEASE]
	at org.springframework.web.servlet.mvc.method.annotation.RequestMappingHandlerAdapter.handleInternal(RequestMappingHandlerAdapter.java:797) [spring-webmvc-5.0.10.RELEASE.jar:5.0.10.RELEASE]
	at org.springframework.web.servlet.mvc.method.AbstractHandlerMethodAdapter.handle(AbstractHandlerMethodAdapter.java:87) [spring-webmvc-5.0.10.RELEASE.jar:5.0.10.RELEASE]
	at org.springframework.web.servlet.DispatcherServlet.doDispatch(DispatcherServlet.java:991) [spring-webmvc-5.0.10.RELEASE.jar:5.0.10.RELEASE]
	at org.springframework.web.servlet.DispatcherServlet.doService(DispatcherServlet.java:925) [spring-webmvc-5.0.10.RELEASE.jar:5.0.10.RELEASE]
	at org.springframework.web.servlet.FrameworkServlet.processRequest(FrameworkServlet.java:974) [spring-webmvc-5.0.10.RELEASE.jar:5.0.10.RELEASE]
	at org.springframework.web.servlet.FrameworkServlet.doPost(FrameworkServlet.java:877) [spring-webmvc-5.0.10.RELEASE.jar:5.0.10.RELEASE]
	at javax.servlet.http.HttpServlet.service(HttpServlet.java:661) [tomcat-embed-core-8.5.34.jar:8.5.34]
	at org.springframework.web.servlet.FrameworkServlet.service(FrameworkServlet.java:851) [spring-webmvc-5.0.10.RELEASE.jar:5.0.10.RELEASE]
	at javax.servlet.http.HttpServlet.service(HttpServlet.java:742) [tomcat-embed-core-8.5.34.jar:8.5.34]
	at org.apache.catalina.core.ApplicationFilterChain.internalDoFilter(ApplicationFilterChain.java:231) [tomcat-embed-core-8.5.34.jar:8.5.34]
	at org.apache.catalina.core.ApplicationFilterChain.doFilter(ApplicationFilterChain.java:166) [tomcat-embed-core-8.5.34.jar:8.5.34]
	at org.apache.tomcat.websocket.server.WsFilter.doFilter(WsFilter.java:52) [tomcat-embed-websocket-8.5.34.jar:8.5.34]
	at org.apache.catalina.core.ApplicationFilterChain.internalDoFilter(ApplicationFilterChain.java:193) [tomcat-embed-core-8.5.34.jar:8.5.34]
	at org.apache.catalina.core.ApplicationFilterChain.doFilter(ApplicationFilterChain.java:166) [tomcat-embed-core-8.5.34.jar:8.5.34]
	at org.springframework.web.filter.RequestContextFilter.doFilterInternal(RequestContextFilter.java:99) [spring-web-5.0.10.RELEASE.jar:5.0.10.RELEASE]
	at org.springframework.web.filter.OncePerRequestFilter.doFilter(OncePerRequestFilter.java:107) [spring-web-5.0.10.RELEASE.jar:5.0.10.RELEASE]
	at org.apache.catalina.core.ApplicationFilterChain.internalDoFilter(ApplicationFilterChain.java:193) [tomcat-embed-core-8.5.34.jar:8.5.34]
	at org.apache.catalina.core.ApplicationFilterChain.doFilter(ApplicationFilterChain.java:166) [tomcat-embed-core-8.5.34.jar:8.5.34]
	at org.springframework.web.filter.HttpPutFormContentFilter.doFilterInternal(HttpPutFormContentFilter.java:109) [spring-web-5.0.10.RELEASE.jar:5.0.10.RELEASE]
	at org.springframework.web.filter.OncePerRequestFilter.doFilter(OncePerRequestFilter.java:107) [spring-web-5.0.10.RELEASE.jar:5.0.10.RELEASE]
	at org.apache.catalina.core.ApplicationFilterChain.internalDoFilter(ApplicationFilterChain.java:193) [tomcat-embed-core-8.5.34.jar:8.5.34]
	at org.apache.catalina.core.ApplicationFilterChain.doFilter(ApplicationFilterChain.java:166) [tomcat-embed-core-8.5.34.jar:8.5.34]
	at org.springframework.web.filter.HiddenHttpMethodFilter.doFilterInternal(HiddenHttpMethodFilter.java:93) [spring-web-5.0.10.RELEASE.jar:5.0.10.RELEASE]
	at org.springframework.web.filter.OncePerRequestFilter.doFilter(OncePerRequestFilter.java:107) [spring-web-5.0.10.RELEASE.jar:5.0.10.RELEASE]
	at org.apache.catalina.core.ApplicationFilterChain.internalDoFilter(ApplicationFilterChain.java:193) [tomcat-embed-core-8.5.34.jar:8.5.34]
	at org.apache.catalina.core.ApplicationFilterChain.doFilter(ApplicationFilterChain.java:166) [tomcat-embed-core-8.5.34.jar:8.5.34]
	at org.springframework.web.filter.CharacterEncodingFilter.doFilterInternal(CharacterEncodingFilter.java:200) [spring-web-5.0.10.RELEASE.jar:5.0.10.RELEASE]
	at org.springframework.web.filter.OncePerRequestFilter.doFilter(OncePerRequestFilter.java:107) [spring-web-5.0.10.RELEASE.jar:5.0.10.RELEASE]
	at org.apache.catalina.core.ApplicationFilterChain.internalDoFilter(ApplicationFilterChain.java:193) [tomcat-embed-core-8.5.34.jar:8.5.34]
	at org.apache.catalina.core.ApplicationFilterChain.doFilter(ApplicationFilterChain.java:166) [tomcat-embed-core-8.5.34.jar:8.5.34]
	at org.apache.catalina.core.StandardWrapperValve.invoke(StandardWrapperValve.java:198) [tomcat-embed-core-8.5.34.jar:8.5.34]
	at org.apache.catalina.core.StandardContextValve.invoke(StandardContextValve.java:96) [tomcat-embed-core-8.5.34.jar:8.5.34]
	at org.apache.catalina.authenticator.AuthenticatorBase.invoke(AuthenticatorBase.java:493) [tomcat-embed-core-8.5.34.jar:8.5.34]
	at org.apache.catalina.core.StandardHostValve.invoke(StandardHostValve.java:140) [tomcat-embed-core-8.5.34.jar:8.5.34]
	at org.apache.catalina.valves.ErrorReportValve.invoke(ErrorReportValve.java:81) [tomcat-embed-core-8.5.34.jar:8.5.34]
	at org.apache.catalina.core.StandardEngineValve.invoke(StandardEngineValve.java:87) [tomcat-embed-core-8.5.34.jar:8.5.34]
	at org.apache.catalina.connector.CoyoteAdapter.service(CoyoteAdapter.java:342) [tomcat-embed-core-8.5.34.jar:8.5.34]
	at org.apache.coyote.http11.Http11Processor.service(Http11Processor.java:800) [tomcat-embed-core-8.5.34.jar:8.5.34]
	at org.apache.coyote.AbstractProcessorLight.process(AbstractProcessorLight.java:66) [tomcat-embed-core-8.5.34.jar:8.5.34]
	at org.apache.coyote.AbstractProtocol$ConnectionHandler.process(AbstractProtocol.java:806) [tomcat-embed-core-8.5.34.jar:8.5.34]
	at org.apache.tomcat.util.net.NioEndpoint$SocketProcessor.doRun(NioEndpoint.java:1498) [tomcat-embed-core-8.5.34.jar:8.5.34]
	at org.apache.tomcat.util.net.SocketProcessorBase.run(SocketProcessorBase.java:49) [tomcat-embed-core-8.5.34.jar:8.5.34]
	at java.util.concurrent.ThreadPoolExecutor.runWorker(ThreadPoolExecutor.java:1142) [na:1.8.0_66]
	at java.util.concurrent.ThreadPoolExecutor$Worker.run(ThreadPoolExecutor.java:617) [na:1.8.0_66]
	at org.apache.tomcat.util.threads.TaskThread$WrappingRunnable.run(TaskThread.java:61) [tomcat-embed-core-8.5.34.jar:8.5.34]
	at java.lang.Thread.run(Thread.java:745) [na:1.8.0_66]

2019-01-22 12:56:14.607  INFO 10576 --- [main] com.msp.impulse.ImpulseApplication       : Starting ImpulseApplication on LAPTOP-LE410L69 with PID 10576 (started by Lenovo in D:\FLCworkspcae\环宇\impulse)
2019-01-22 12:56:14.614  INFO 10576 --- [main] com.msp.impulse.ImpulseApplication       : The following profiles are active: dev
2019-01-22 12:56:14.738  INFO 10576 --- [main] ConfigServletWebServerApplicationContext : Refreshing org.springframework.boot.web.servlet.context.AnnotationConfigServletWebServerApplicationContext@1fa1cab1: startup date [Tue Jan 22 12:56:14 CST 2019]; root of context hierarchy
2019-01-22 12:56:15.720  INFO 10576 --- [main] o.s.b.f.s.DefaultListableBeanFactory     : Overriding bean definition for bean 'mongodbProperties' with a different definition: replacing [Generic bean: class [com.msp.impulse.configuration.MongodbProperties]; scope=singleton; abstract=false; lazyInit=false; autowireMode=0; dependencyCheck=0; autowireCandidate=true; primary=false; factoryBeanName=null; factoryMethodName=null; initMethodName=null; destroyMethodName=null; defined in file [D:\FLCworkspcae\环宇\impulse\target\classes\com\msp\impulse\configuration\MongodbProperties.class]] with [Root bean: class [null]; scope=; abstract=false; lazyInit=false; autowireMode=3; dependencyCheck=0; autowireCandidate=true; primary=false; factoryBeanName=mongoConfig; factoryMethodName=mongodbProperties; initMethodName=null; destroyMethodName=(inferred); defined in class path resource [com/msp/impulse/configuration/MongoConfig.class]]
2019-01-22 12:56:16.901  INFO 10576 --- [main] o.s.b.w.embedded.tomcat.TomcatWebServer  : Tomcat initialized with port(s): 8080 (http)
2019-01-22 12:56:16.930  INFO 10576 --- [main] o.apache.catalina.core.StandardService   : Starting service [Tomcat]
2019-01-22 12:56:16.930  INFO 10576 --- [main] org.apache.catalina.core.StandardEngine  : Starting Servlet Engine: Apache Tomcat/8.5.34
2019-01-22 12:56:16.936  INFO 10576 --- [localhost-startStop-1] o.a.catalina.core.AprLifecycleListener   : The APR based Apache Tomcat Native library which allows optimal performance in production environments was not found on the java.library.path: [D:\jdk_1.8.0_66_x86_64\bin;C:\WINDOWS\Sun\Java\bin;C:\WINDOWS\system32;C:\WINDOWS;D:\runjian\instantclient-basic-windows.x64-12.1.0.2.0\instantclient-basic-windows.x64-12.1.0.2.0\instantclient_12_1;C:\SuperMap\SuperMap iClient\SuperMap iClient3D for Plugin;C:\SuperMap\SuperMap iClient\SuperMap iClient3D for Plugin (x64);D:\jdk_1.8.0_66_x86_64\bin;C:\WINDOWS\system32;C:\WINDOWS;C:\WINDOWS\System32\Wbem;C:\WINDOWS\System32\WindowsPowerShell\v1.0\;D:\runjian\langchao\sqldeveloper\sqldeveloper\sqldeveloper\bin;D:\runjian\mysql\bin;D:\软件\svn-new\bin;D:\runjian\maven\apache-maven-3.3.9\bin;D:\runjian\svnserver\bin;D:\runjian\Git\cmd;D:\runjian\TortoiseGit\bin;C:\WINDOWS\System32\OpenSSH\;D:\runjian\noteJS\;C:\Users\Lenovo\AppData\Local\Microsoft\WindowsApps;C:\Users\Lenovo\AppData\Roaming\npm;.]
2019-01-22 12:56:17.087  INFO 10576 --- [localhost-startStop-1] o.a.c.c.C.[Tomcat].[localhost].[/]       : Initializing Spring embedded WebApplicationContext
2019-01-22 12:56:17.088  INFO 10576 --- [localhost-startStop-1] o.s.web.context.ContextLoader            : Root WebApplicationContext: initialization completed in 2362 ms
2019-01-22 12:56:17.223  INFO 10576 --- [localhost-startStop-1] o.s.b.w.servlet.ServletRegistrationBean  : Servlet dispatcherServlet mapped to [/]
2019-01-22 12:56:17.229  INFO 10576 --- [localhost-startStop-1] o.s.b.w.servlet.FilterRegistrationBean   : Mapping filter: 'characterEncodingFilter' to: [/*]
2019-01-22 12:56:17.230  INFO 10576 --- [localhost-startStop-1] o.s.b.w.servlet.FilterRegistrationBean   : Mapping filter: 'hiddenHttpMethodFilter' to: [/*]
2019-01-22 12:56:17.231  INFO 10576 --- [localhost-startStop-1] o.s.b.w.servlet.FilterRegistrationBean   : Mapping filter: 'httpPutFormContentFilter' to: [/*]
2019-01-22 12:56:17.231  INFO 10576 --- [localhost-startStop-1] o.s.b.w.servlet.FilterRegistrationBean   : Mapping filter: 'requestContextFilter' to: [/*]
2019-01-22 12:56:18.672  INFO 10576 --- [main] org.mongodb.driver.cluster               : Cluster created with settings {hosts=[192.168.228.133:27017], mode=MULTIPLE, requiredClusterType=UNKNOWN, serverSelectionTimeout='30000 ms', maxWaitQueueSize=60}
2019-01-22 12:56:18.675  INFO 10576 --- [main] org.mongodb.driver.cluster               : Adding discovered server 192.168.228.133:27017 to client view of cluster
2019-01-22 12:56:18.754  INFO 10576 --- [MaintenanceTimer-1-thread-1] org.mongodb.driver.connection            : Opened connection [connectionId{localValue:1, serverValue:428}] to 192.168.228.133:27017
2019-01-22 12:56:18.754  INFO 10576 --- [cluster-ClusterId{value='5c46a2724932ff29509ccceb', description='null'}-192.168.228.133:27017] org.mongodb.driver.connection            : Opened connection [connectionId{localValue:2, serverValue:429}] to 192.168.228.133:27017
2019-01-22 12:56:18.760  INFO 10576 --- [MaintenanceTimer-1-thread-1] org.mongodb.driver.connection            : Opened connection [connectionId{localValue:3, serverValue:430}] to 192.168.228.133:27017
2019-01-22 12:56:18.761  INFO 10576 --- [cluster-ClusterId{value='5c46a2724932ff29509ccceb', description='null'}-192.168.228.133:27017] org.mongodb.driver.cluster               : Monitor thread successfully connected to server with description ServerDescription{address=192.168.228.133:27017, type=STANDALONE, state=CONNECTED, ok=true, version=ServerVersion{versionList=[4, 0, 3]}, minWireVersion=0, maxWireVersion=7, maxDocumentSize=16777216, logicalSessionTimeoutMinutes=30, roundTripTimeNanos=4482466}
2019-01-22 12:56:18.764  INFO 10576 --- [cluster-ClusterId{value='5c46a2724932ff29509ccceb', description='null'}-192.168.228.133:27017] org.mongodb.driver.cluster               : Discovered cluster type of STANDALONE
2019-01-22 12:56:18.766  INFO 10576 --- [MaintenanceTimer-1-thread-1] org.mongodb.driver.connection            : Opened connection [connectionId{localValue:4, serverValue:431}] to 192.168.228.133:27017
2019-01-22 12:56:18.771  INFO 10576 --- [MaintenanceTimer-1-thread-1] org.mongodb.driver.connection            : Opened connection [connectionId{localValue:5, serverValue:432}] to 192.168.228.133:27017
2019-01-22 12:56:18.776  INFO 10576 --- [MaintenanceTimer-1-thread-1] org.mongodb.driver.connection            : Opened connection [connectionId{localValue:6, serverValue:433}] to 192.168.228.133:27017
2019-01-22 12:56:18.780  INFO 10576 --- [MaintenanceTimer-1-thread-1] org.mongodb.driver.connection            : Opened connection [connectionId{localValue:7, serverValue:434}] to 192.168.228.133:27017
2019-01-22 12:56:18.787  INFO 10576 --- [MaintenanceTimer-1-thread-1] org.mongodb.driver.connection            : Opened connection [connectionId{localValue:8, serverValue:435}] to 192.168.228.133:27017
2019-01-22 12:56:18.791  INFO 10576 --- [MaintenanceTimer-1-thread-1] org.mongodb.driver.connection            : Opened connection [connectionId{localValue:9, serverValue:436}] to 192.168.228.133:27017
2019-01-22 12:56:18.796  INFO 10576 --- [MaintenanceTimer-1-thread-1] org.mongodb.driver.connection            : Opened connection [connectionId{localValue:10, serverValue:437}] to 192.168.228.133:27017
2019-01-22 12:56:18.799  INFO 10576 --- [MaintenanceTimer-1-thread-1] org.mongodb.driver.connection            : Opened connection [connectionId{localValue:11, serverValue:438}] to 192.168.228.133:27017
2019-01-22 12:56:19.844  INFO 10576 --- [main] s.w.s.m.m.a.RequestMappingHandlerMapping : Mapped "{[/alarmManage/findAlarm],methods=[POST]}" onto public com.msp.impulse.base.BaseResponse com.msp.impulse.controller.AlarmController.findAlarm(com.msp.impulse.query.AlarmQuery)
2019-01-22 12:56:19.848  INFO 10576 --- [main] s.w.s.m.m.a.RequestMappingHandlerMapping : Mapped "{[/controlInstru/findControlInstru],methods=[POST]}" onto public com.msp.impulse.base.BaseResponse com.msp.impulse.controller.ControlInstruController.findControlInstru()
2019-01-22 12:56:19.848  INFO 10576 --- [main] s.w.s.m.m.a.RequestMappingHandlerMapping : Mapped "{[/controlInstru/updateControlInstru],methods=[POST]}" onto public com.msp.impulse.base.BaseResponse com.msp.impulse.controller.ControlInstruController.updateControlInstru()
2019-01-22 12:56:19.851  INFO 10576 --- [main] s.w.s.m.m.a.RequestMappingHandlerMapping : Mapped "{[/dataManage/findSenorByCondition],methods=[POST]}" onto public com.msp.impulse.base.BaseResponse com.msp.impulse.controller.DataManageController.findSenorByCondition(com.msp.impulse.query.GatewayQuery)
2019-01-22 12:56:19.851  INFO 10576 --- [main] s.w.s.m.m.a.RequestMappingHandlerMapping : Mapped "{[/dataManage/findRealTimeData],methods=[POST]}" onto public com.msp.impulse.base.BaseResponse com.msp.impulse.controller.DataManageController.findRealTimeData()
2019-01-22 12:56:19.852  INFO 10576 --- [main] s.w.s.m.m.a.RequestMappingHandlerMapping : Mapped "{[/dataManage/findHistoryData],methods=[POST]}" onto public com.msp.impulse.base.BaseResponse com.msp.impulse.controller.DataManageController.findHistoryData()
2019-01-22 12:56:19.852  INFO 10576 --- [main] s.w.s.m.m.a.RequestMappingHandlerMapping : Mapped "{[/dataManage/findMapData],methods=[POST]}" onto public com.msp.impulse.base.BaseResponse com.msp.impulse.controller.DataManageController.findMapData()
2019-01-22 12:56:19.858  INFO 10576 --- [main] s.w.s.m.m.a.RequestMappingHandlerMapping : Mapped "{[/gateway/findGatewayByCondition],methods=[POST]}" onto public com.msp.impulse.base.BaseResponse<java.util.List<com.msp.impulse.entity.Gateway>> com.msp.impulse.controller.GatewayController.findGatewayByCondition(com.msp.impulse.query.GatewayQuery)
2019-01-22 12:56:19.859  INFO 10576 --- [main] s.w.s.m.m.a.RequestMappingHandlerMapping : Mapped "{[/gateway/findGatewayById/{id}],methods=[GET]}" onto public com.msp.impulse.base.BaseResponse<com.msp.impulse.entity.Gateway> com.msp.impulse.controller.GatewayController.findGatewayById(java.lang.String)
2019-01-22 12:56:19.860  INFO 10576 --- [main] s.w.s.m.m.a.RequestMappingHandlerMapping : Mapped "{[/gateway/deleteGateway],methods=[GET]}" onto public com.msp.impulse.base.BaseResponse com.msp.impulse.controller.GatewayController.deleteGateway(java.lang.String)
2019-01-22 12:56:19.860  INFO 10576 --- [main] s.w.s.m.m.a.RequestMappingHandlerMapping : Mapped "{[/gateway/saveGateway],methods=[POST]}" onto public com.msp.impulse.base.BaseResponse com.msp.impulse.controller.GatewayController.addGateway(com.msp.impulse.entity.Gateway)
2019-01-22 12:56:19.863  INFO 10576 --- [main] s.w.s.m.m.a.RequestMappingHandlerMapping : Mapped "{[/userLogin/login],methods=[POST]}" onto public com.msp.impulse.base.BaseResponse com.msp.impulse.controller.LoginController.login(com.msp.impulse.entity.SystemUser,javax.servlet.http.HttpSession)
2019-01-22 12:56:19.864  INFO 10576 --- [main] s.w.s.m.m.a.RequestMappingHandlerMapping : Mapped "{[/userLogin/addSystemUser],methods=[POST]}" onto public com.msp.impulse.base.BaseResponse com.msp.impulse.controller.LoginController.addSystemUser(com.msp.impulse.entity.SystemUser)
2019-01-22 12:56:19.864  INFO 10576 --- [main] s.w.s.m.m.a.RequestMappingHandlerMapping : Mapped "{[/userLogin/logout],methods=[POST]}" onto public com.msp.impulse.base.BaseResponse com.msp.impulse.controller.LoginController.logout(javax.servlet.http.HttpSession)
2019-01-22 12:56:19.868  INFO 10576 --- [main] s.w.s.m.m.a.RequestMappingHandlerMapping : Mapped "{[/sensor/searchSensor],methods=[POST]}" onto public com.msp.impulse.base.BaseResponse<java.util.List<com.msp.impulse.entity.Sensor>> com.msp.impulse.controller.SensorController.querySensor(com.msp.impulse.query.SensorQuery)
2019-01-22 12:56:19.869  INFO 10576 --- [main] s.w.s.m.m.a.RequestMappingHandlerMapping : Mapped "{[/sensor/saveSensor],methods=[POST]}" onto public com.msp.impulse.base.BaseResponse com.msp.impulse.controller.SensorController.addSensor(com.msp.impulse.entity.Sensor)
2019-01-22 12:56:19.870  INFO 10576 --- [main] s.w.s.m.m.a.RequestMappingHandlerMapping : Mapped "{[/sensor/querySensorById],methods=[POST]}" onto public com.msp.impulse.base.BaseResponse<com.msp.impulse.entity.Sensor> com.msp.impulse.controller.SensorController.querySensorById(java.lang.String)
2019-01-22 12:56:19.876  INFO 10576 --- [main] s.w.s.m.m.a.RequestMappingHandlerMapping : Mapped "{[/user/getAll],methods=[GET]}" onto public com.msp.impulse.base.BaseResponse<java.util.List<com.msp.impulse.entity.User>> com.msp.impulse.controller.UserController.getAll()
2019-01-22 12:56:19.877  INFO 10576 --- [main] s.w.s.m.m.a.RequestMappingHandlerMapping : Mapped "{[/user/addUser],methods=[POST]}" onto public com.msp.impulse.base.BaseResponse<com.msp.impulse.entity.User> com.msp.impulse.controller.UserController.addUser(com.msp.impulse.entity.User)
2019-01-22 12:56:19.877  INFO 10576 --- [main] s.w.s.m.m.a.RequestMappingHandlerMapping : Mapped "{[/user/modifyPwd],methods=[GET]}" onto public com.msp.impulse.base.BaseResponse com.msp.impulse.controller.UserController.modifyPwd(java.lang.String,java.lang.String,javax.servlet.http.HttpSession)
2019-01-22 12:56:19.887  INFO 10576 --- [main] s.w.s.m.m.a.RequestMappingHandlerMapping : Mapped "{[/swagger-resources/configuration/ui]}" onto public org.springframework.http.ResponseEntity<springfox.documentation.swagger.web.UiConfiguration> springfox.documentation.swagger.web.ApiResourceController.uiConfiguration()
2019-01-22 12:56:19.889  INFO 10576 --- [main] s.w.s.m.m.a.RequestMappingHandlerMapping : Mapped "{[/swagger-resources]}" onto public org.springframework.http.ResponseEntity<java.util.List<springfox.documentation.swagger.web.SwaggerResource>> springfox.documentation.swagger.web.ApiResourceController.swaggerResources()
2019-01-22 12:56:19.894  INFO 10576 --- [main] s.w.s.m.m.a.RequestMappingHandlerMapping : Mapped "{[/swagger-resources/configuration/security]}" onto public org.springframework.http.ResponseEntity<springfox.documentation.swagger.web.SecurityConfiguration> springfox.documentation.swagger.web.ApiResourceController.securityConfiguration()
2019-01-22 12:56:19.900  INFO 10576 --- [main] s.w.s.m.m.a.RequestMappingHandlerMapping : Mapped "{[/error]}" onto public org.springframework.http.ResponseEntity<java.util.Map<java.lang.String, java.lang.Object>> org.springframework.boot.autoconfigure.web.servlet.error.BasicErrorController.error(javax.servlet.http.HttpServletRequest)
2019-01-22 12:56:19.901  INFO 10576 --- [main] s.w.s.m.m.a.RequestMappingHandlerMapping : Mapped "{[/error],produces=[text/html]}" onto public org.springframework.web.servlet.ModelAndView org.springframework.boot.autoconfigure.web.servlet.error.BasicErrorController.errorHtml(javax.servlet.http.HttpServletRequest,javax.servlet.http.HttpServletResponse)
2019-01-22 12:56:20.343  INFO 10576 --- [main] pertySourcedRequestMappingHandlerMapping : Mapped URL path [/v2/api-docs] onto method [public org.springframework.http.ResponseEntity<springfox.documentation.spring.web.json.Json> springfox.documentation.swagger2.web.Swagger2Controller.getDocumentation(java.lang.String,javax.servlet.http.HttpServletRequest)]
2019-01-22 12:56:20.499  INFO 10576 --- [main] o.s.w.s.handler.SimpleUrlHandlerMapping  : Mapped URL path [/**/favicon.ico] onto handler of type [class org.springframework.web.servlet.resource.ResourceHttpRequestHandler]
2019-01-22 12:56:20.870  INFO 10576 --- [main] s.w.s.m.m.a.RequestMappingHandlerAdapter : Looking for @ControllerAdvice: org.springframework.boot.web.servlet.context.AnnotationConfigServletWebServerApplicationContext@1fa1cab1: startup date [Tue Jan 22 12:56:14 CST 2019]; root of context hierarchy
2019-01-22 12:56:20.961  INFO 10576 --- [main] o.s.w.s.handler.SimpleUrlHandlerMapping  : Mapped URL path [/webjars/**] onto handler of type [class org.springframework.web.servlet.resource.ResourceHttpRequestHandler]
2019-01-22 12:56:20.961  INFO 10576 --- [main] o.s.w.s.handler.SimpleUrlHandlerMapping  : Mapped URL path [/**] onto handler of type [class org.springframework.web.servlet.resource.ResourceHttpRequestHandler]
2019-01-22 12:56:21.233  INFO 10576 --- [main] o.s.j.e.a.AnnotationMBeanExporter        : Registering beans for JMX exposure on startup
2019-01-22 12:56:21.246  INFO 10576 --- [main] o.s.c.support.DefaultLifecycleProcessor  : Starting beans in phase 2147483647
2019-01-22 12:56:21.247  INFO 10576 --- [main] d.s.w.p.DocumentationPluginsBootstrapper : Context refreshed
2019-01-22 12:56:21.270  INFO 10576 --- [main] d.s.w.p.DocumentationPluginsBootstrapper : Found 1 custom documentation plugin(s)
2019-01-22 12:56:21.313  INFO 10576 --- [main] s.d.s.w.s.ApiListingReferenceScanner     : Scanning for api listing references
2019-01-22 12:56:22.134  INFO 10576 --- [main] o.s.b.w.embedded.tomcat.TomcatWebServer  : Tomcat started on port(s): 8080 (http) with context path ''
2019-01-22 12:56:22.144  INFO 10576 --- [main] com.msp.impulse.ImpulseApplication       : Started ImpulseApplication in 8.313 seconds (JVM running for 12.127)
2019-01-22 13:09:30.843  INFO 10576 --- [http-nio-8080-exec-2] o.a.c.c.C.[Tomcat].[localhost].[/]       : Initializing Spring FrameworkServlet 'dispatcherServlet'
2019-01-22 13:09:30.843  INFO 10576 --- [http-nio-8080-exec-2] o.s.web.servlet.DispatcherServlet        : FrameworkServlet 'dispatcherServlet': initialization started
2019-01-22 13:09:30.890  INFO 10576 --- [http-nio-8080-exec-2] o.s.web.servlet.DispatcherServlet        : FrameworkServlet 'dispatcherServlet': initialization completed in 46 ms
